BUBBA1.BIK: binkvideo
BUBBA2.BIK: binkvideo
BUBBA3.BIK: binkvideo
BUBBA4.BIK: binkvideo
CHOICE_1.BIK: binkvideo
CHOICE_2.BIK: binkvideo
CHOICE_3.BIK: binkvideo
CHOICE_4.BIK: binkvideo
CHOPPER1.BIK: binkvideo
CHOPPER2.BIK: binkvideo
CHOPPER3.BIK: binkvideo
CHOPPER4.BIK: binkvideo
CINEMA1.BIK: binkvideo
CINEMA2.BIK: binkvideo
CINEMA3.BIK: binkvideo
CINEMA4.BIK: binkvideo
CINEMA5.BIK: binkvideo
CLAYMOR1.BIK: binkvideo
CLAYMOR2.BIK: binkvideo
CLAYMOR3.BIK: binkvideo
CLAYMOR4.BIK: binkvideo
COBRA1.BIK: binkvideo
COBRA2.BIK: binkvideo
COBRA3.BIK: binkvideo
COBRA4.BIK: binkvideo
CREDITS.BIK: binkvideo
CREEP1.BIK: binkvideo
CREEP2.BIK: binkvideo
CREEP3.BIK: binkvideo
CREEP4.BIK: binkvideo
DAGGER1.BIK: binkvideo
DAGGER2.BIK: binkvideo
DAGGER3.BIK: binkvideo
DAGGER4.BIK: binkvideo
FLASH1.BIK: binkvideo
FLASH2.BIK: binkvideo
FLASH3.BIK: binkvideo
FLASH4.BIK: binkvideo
GHOST1.BIK: binkvideo
GHOST2.BIK: binkvideo
GHOST3.BIK: binkvideo
GHOST4.BIK: binkvideo
HACKSAW1.BIK: binkvideo
HACKSAW2.BIK: binkvideo
HACKSAW3.BIK: binkvideo
HACKSAW4.BIK: binkvideo
HAMMER1.BIK: binkvideo
HAMMER2.BIK: binkvideo
HAMMER3.BIK: binkvideo
HAMMER4.BIK: binkvideo
JINX1.BIK: binkvideo
JINX2.BIK: binkvideo
JINX3.BIK: binkvideo
JINX4.BIK: binkvideo
LONGSHO1.BIK: binkvideo
LONGSHO2.BIK: binkvideo
LONGSHO3.BIK: binkvideo
LONGSHO4.BIK: binkvideo
MC2_04A.BIK: binkvideo
MC2_04B.BIK: binkvideo
MC2_04C.BIK: binkvideo
MC2_04D.BIK: binkvideo
MC2_05A.BIK: binkvideo
MC2_09A.BIK: binkvideo
MC2_09B.BIK: binkvideo
MC2_10A.BIK: binkvideo
MC2_10B.BIK: binkvideo
MC2_10C.BIK: binkvideo
MC2_10D.BIK: binkvideo
MC2_10E.BIK: binkvideo
MC2_10F.BIK: binkvideo
MC2_10G.BIK: binkvideo
MC2_10H.BIK: binkvideo
MC2_10I.BIK: binkvideo
MC2_13B.BIK: binkvideo
MC2_14C.BIK: binkvideo
MC2_14D.BIK: binkvideo
MC2_17A.BIK: binkvideo
MC2_17B.BIK: binkvideo
MC2_17C.BIK: binkvideo
MC2_17D.BIK: binkvideo
MC2_17E.BIK: binkvideo
MC2_24A.BIK: binkvideo
MC2_24B.BIK: binkvideo
MC2_24C.BIK: binkvideo
MC2_24D.BIK: binkvideo
MC2_24E.BIK: binkvideo
MEAT1.BIK: binkvideo
MEAT2.BIK: binkvideo
MEAT3.BIK: binkvideo
MEAT4.BIK: binkvideo
MOTHER1.BIK: binkvideo
MOTHER2.BIK: binkvideo
MOTHER3.BIK: binkvideo
MOTHER4.BIK: binkvideo
MSFT.BIK: binkvideo
NODE_02.BIK: binkvideo
NODE_03.BIK: binkvideo
NODE_04.BIK: binkvideo
NODE_05.BIK: binkvideo
NODE_09.BIK: binkvideo
NODE_10.BIK: binkvideo
NODE_13.BIK: binkvideo
NODE_17.BIK: binkvideo
NODE_18.BIK: binkvideo
NODE_22.BIK: binkvideo
NODE_23.BIK: binkvideo
NODE_27.BIK: binkvideo
NUKE1.BIK: binkvideo
NUKE2.BIK: binkvideo
NUKE3.BIK: binkvideo
NUKE4.BIK: binkvideo
PALERID1.BIK: binkvideo
PALERID2.BIK: binkvideo
PALERID3.BIK: binkvideo
PALERID4.BIK: binkvideo
PAYBACK1.BIK: binkvideo
PAYBACK2.BIK: binkvideo
PAYBACK3.BIK: binkvideo
PAYBACK4.BIK: binkvideo
PLANET.BIK: binkvideo
PSYCHO1.BIK: binkvideo
PSYCHO2.BIK: binkvideo
PSYCHO3.BIK: binkvideo
PSYCHO4.BIK: binkvideo
ROOSTER1.BIK: binkvideo
ROOSTER2.BIK: binkvideo
ROOSTER3.BIK: binkvideo
ROOSTER4.BIK: binkvideo
SCOOTER1.BIK: binkvideo
SCOOTER2.BIK: binkvideo
SCOOTER3.BIK: binkvideo
SCOOTER4.BIK: binkvideo
SHADOW1.BIK: binkvideo
SHADOW2.BIK: binkvideo
SHADOW3.BIK: binkvideo
SHADOW4.BIK: binkvideo
STANDIN.BIK: binkvideo
STEEL1.BIK: binkvideo
STEEL2.BIK: binkvideo
STEEL3.BIK: binkvideo
STEEL4.BIK: binkvideo
TWITCH1.BIK: binkvideo
TWITCH2.BIK: binkvideo
TWITCH3.BIK: binkvideo
TWITCH4.BIK: binkvideo
V1A.BIK: binkvideo
V1C.BIK: binkvideo
V1D.BIK: binkvideo
V3A.BIK: binkvideo
V3C.BIK: binkvideo
V3D.BIK: binkvideo
V3G.BIK: binkvideo
V3J.BIK: binkvideo
V3K.BIK: binkvideo
V3L.BIK: binkvideo
V3M.BIK: binkvideo
V3N.BIK: binkvideo
V6CI.BIK: binkvideo
V6F.BIK: binkvideo
V6G.BIK: binkvideo
VENOM1.BIK: binkvideo
VENOM2.BIK: binkvideo
VENOM3.BIK: binkvideo
VENOM4.BIK: binkvideo
W01.BIK: binkvideo
W02.BIK: binkvideo
W03.BIK: binkvideo
W04.BIK: binkvideo
W05.BIK: binkvideo
W06.BIK: binkvideo
W07.BIK: binkvideo
W08.BIK: binkvideo
W09.BIK: binkvideo
W10.BIK: binkvideo
W11.BIK: binkvideo
W12.BIK: binkvideo
WICKED1.BIK: binkvideo
WICKED2.BIK: binkvideo
WICKED3.BIK: binkvideo
WICKED4.BIK: binkvideo
WORM1.BIK: binkvideo
WORM2.BIK: binkvideo
WORM3.BIK: binkvideo
WORM4.BIK: binkvideo
